<?xml version="1.0" encoding="UTF-8"?>
<!-- Generated by org.testng.reporters.JUnitXMLReporter -->
<testsuite ignored="0" hostname="PTWB-IT-CPU-588" failures="0" tests="5" name="Default test" time="29.96" errors="0" timestamp="2024-07-11T19:35:17 IST">
  <testcase classname="POM.SimpleLogin.LoginTest" name="testEmptyfields" time="0.627"/>
  <testcase classname="POM.SimpleLogin.LoginTest" name="testInvalidPassword" time="0.771"/>
  <testcase classname="POM.SimpleLogin.LoginTest" name="testInvalidUsername" time="0.765"/>
  <testcase classname="POM.SimpleLogin.LoginTest" name="testlogin" time="0.784"/>
  <testcase classname="POM.SimpleLogin.LoginTest" name="verifytitleTest" time="0.005"/>
</testsuite> <!-- Default test -->
